<?xml version="1.0" encoding="UTF-8"?>
<Site BuildName="Linux-g++"
	BuildStamp="20230816-1233-Experimental"
	Name="ASUS"
	Generator="ctest-3.22.1"
	CompilerName="/usr/bin/g++"
	CompilerVersion="11.4.0"
	OSName="Linux"
	Hostname="ASUS"
	OSRelease="5.19.0-50-generic"
	OSVersion="#50-Ubuntu SMP PREEMPT_DYNAMIC Mon Jul 10 18:24:29 UTC 2023"
	OSPlatform="x86_64"
	Is64Bits="1"
	VendorString="AuthenticAMD"
	VendorID="Advanced Micro Devices"
	FamilyID="25"
	ModelID="80"
	ProcessorCacheSize="512"
	NumberOfLogicalCPU="16"
	NumberOfPhysicalCPU="8"
	TotalVirtualMemory="2047"
	TotalPhysicalMemory="15385"
	LogicalProcessorsPerPhysical="2"
	ProcessorClockFrequency="3929.52"
	>
	<Testing>
		<StartDateTime>Aug 16 14:33 CEST</StartDateTime>
		<StartTestTime>1692189183</StartTestTime>
		<TestList/>
		<EndDateTime>Aug 16 14:33 CEST</EndDateTime>
		<EndTestTime>1692189183</EndTestTime>
		<ElapsedMinutes>0</ElapsedMinutes>
	</Testing>
</Site>
